<?xml version="1.0" encoding="UTF-8"?>
<!-- Generated by org.testng.reporters.JUnitXMLReporter -->
<testsuite hostname="ramsunkara" ignored="0" name="Test" tests="3" failures="1" timestamp="09 Jul 2019 07:47:39 GMT" time="0.062" errors="0">
  <testcase name="loginByEmail" time="0.0" classname="listeners.LoginTest"/>
  <testcase name="loginByFb" time="0.0" classname="listeners.LoginTest">
    <failure type="java.lang.AssertionError" message="Both strings are not matching expected [Sunkara] but found [Ram]">
      <![CDATA[java.lang.AssertionError: Both strings are not matching expected [Sunkara] but found [Ram]
at listeners.LoginTest.loginByFb(LoginTest.java:27)
... Removed 30 stack frames]]>
    </failure>
  </testcase> <!-- loginByFb -->
  <testcase name="loginTwitter" time="0.0" classname="listeners.LoginTest">
    <skipped/>
  </testcase> <!-- loginTwitter -->
</testsuite> <!-- Test -->
